<?xml version="1.0" encoding="UTF-8"?>
<testsuite xmlns:xsi="http://www.w3.org/2001/XMLSchema-instance" xsi:noNamespaceSchemaLocation="https://maven.apache.org/surefire/maven-surefire-plugin/xsd/surefire-test-report.xsd" version="3.0.2" name="com.elearningsystem.subscriptionservice.SubscriptionServiceApplicationTests" time="9.406" tests="1" errors="0" skipped="0" failures="0">
  <properties>
[...]
</properties>
  <testcase name="contextLoads" classname="com.elearningsystem.subscriptionservice.SubscriptionServiceApplicationTests" time="0.495">
    <system-out><![CDATA[02:15:27.896 [main] INFO org.springframework.test.context.support.AnnotationConfigContextLoaderUtils -- Could not detect default configuration classes for test class [com.elearningsystem.subscriptionservice.SubscriptionServiceApplicationTests]: SubscriptionServiceApplicationTests does not declare any static, non-private, non-final, nested classes annotated with @Configuration.
02:15:28.032 [main] INFO org.springframework.boot.test.context.SpringBootTestContextBootstrapper -- Found @SpringBootConfiguration com.elearningsystem.subscriptionservice.SubscriptionServiceApplication for test class com.elearningsystem.subscriptionservice.SubscriptionServiceApplicationTests
02:15:28.398 [main] INFO org.springframework.boot.devtools.restart.RestartApplicationListener -- Restart disabled due to context in which it is running

  .   ____          _            __ _ _
 /\\ / ___'_ __ _ _(_)_ __  __ _ \ \ \ \
( ( )\___ | '_ | '_| | '_ \/ _` | \ \ \ \
 \\/  ___)| |_)| | | | | || (_| |  ) ) ) )
  '  |____| .__|_| |_|_| |_\__, | / / / /
 =========|_|==============|___/=/_/_/_/

 :: Spring Boot ::                (v3.4.1)

2025-07-01T02:15:29.778+03:00  INFO 9816 --- [subscription-service] [           main] .e.s.SubscriptionServiceApplicationTests : Starting SubscriptionServiceApplicationTests using Java 21.0.2 with PID 9816 (started by Win11 in D:\project\subscription-service)
2025-07-01T02:15:29.780+03:00  INFO 9816 --- [subscription-service] [           main] .e.s.SubscriptionServiceApplicationTests : The following 1 profile is active: "test"
2025-07-01T02:15:30.400+03:00  INFO 9816 --- [subscription-service] [           main] .s.d.r.c.RepositoryConfigurationDelegate : Bootstrapping Spring Data JPA repositories in DEFAULT mode.
2025-07-01T02:15:30.511+03:00  INFO 9816 --- [subscription-service] [           main] .s.d.r.c.RepositoryConfigurationDelegate : Finished Spring Data repository scanning in 101 ms. Found 1 JPA repository interface.
2025-07-01T02:15:30.996+03:00  INFO 9816 --- [subscription-service] [           main] o.s.cloud.context.scope.GenericScope     : BeanFactory id=bb7255d0-20b6-37c4-8bf9-76db22d82ac1
2025-07-01T02:15:31.405+03:00  INFO 9816 --- [subscription-service] [           main] o.hibernate.jpa.internal.util.LogHelper  : HHH000204: Processing PersistenceUnitInfo [name: default]
2025-07-01T02:15:31.484+03:00  INFO 9816 --- [subscription-service] [           main] org.hibernate.Version                    : HHH000412: Hibernate ORM core version 6.6.4.Final
2025-07-01T02:15:31.528+03:00  INFO 9816 --- [subscription-service] [           main] o.h.c.internal.RegionFactoryInitiator    : HHH000026: Second-level cache disabled
2025-07-01T02:15:31.833+03:00  INFO 9816 --- [subscription-service] [           main] o.s.o.j.p.SpringPersistenceUnitInfo      : No LoadTimeWeaver setup: ignoring JPA class transformer
2025-07-01T02:15:31.874+03:00  INFO 9816 --- [subscription-service] [           main] com.zaxxer.hikari.HikariDataSource       : HikariPool-1 - Starting...
2025-07-01T02:15:32.038+03:00  INFO 9816 --- [subscription-service] [           main] com.zaxxer.hikari.pool.HikariPool        : HikariPool-1 - Added connection conn0: url=jdbc:h2:mem:testdb user=SA
2025-07-01T02:15:32.038+03:00  INFO 9816 --- [subscription-service] [           main] com.zaxxer.hikari.HikariDataSource       : HikariPool-1 - Start completed.
2025-07-01T02:15:32.062+03:00  WARN 9816 --- [subscription-service] [           main] org.hibernate.orm.deprecation            : HHH90000025: H2Dialect does not need to be specified explicitly using 'hibernate.dialect' (remove the property setting and it will be selected by default)
2025-07-01T02:15:32.078+03:00  INFO 9816 --- [subscription-service] [           main] org.hibernate.orm.connections.pooling    : HHH10001005: Database info:
	Database JDBC URL [Connecting through datasource 'HikariDataSource (HikariPool-1)']
	Database driver: undefined/unknown
	Database version: 2.3.232
	Autocommit mode: undefined/unknown
	Isolation level: undefined/unknown
	Minimum pool size: undefined/unknown
	Maximum pool size: undefined/unknown
2025-07-01T02:15:32.926+03:00  INFO 9816 --- [subscription-service] [           main] o.h.e.t.j.p.i.JtaPlatformInitiator       : HHH000489: No JTA platform available (set 'hibernate.transaction.jta.platform' to enable JTA platform integration)
2025-07-01T02:15:32.967+03:00  INFO 9816 --- [subscription-service] [           main] j.LocalContainerEntityManagerFactoryBean : Initialized JPA EntityManagerFactory for persistence unit 'default'
2025-07-01T02:15:34.172+03:00  WARN 9816 --- [subscription-service] [           main] JpaBaseConfiguration$JpaWebConfiguration : spring.jpa.open-in-view is enabled by default. Therefore, database queries may be performed during view rendering. Explicitly configure spring.jpa.open-in-view to disable this warning
2025-07-01T02:15:34.856+03:00  INFO 9816 --- [subscription-service] [           main] o.s.b.a.h2.H2ConsoleAutoConfiguration    : H2 console available at '/h2-console'. Database available at 'jdbc:h2:mem:testdb'
2025-07-01T02:15:35.982+03:00  INFO 9816 --- [subscription-service] [           main] o.s.cloud.commons.util.InetUtils         : Cannot determine local hostname
2025-07-01T02:15:35.986+03:00  INFO 9816 --- [subscription-service] [           main] DiscoveryClientOptionalArgsConfiguration : Eureka HTTP Client uses RestTemplate.
2025-07-01T02:15:36.052+03:00  WARN 9816 --- [subscription-service] [           main] iguration$LoadBalancerCaffeineWarnLogger : Spring Cloud LoadBalancer is currently working with the default cache. While this cache implementation is useful for development and tests, it's recommended to use Caffeine cache in production.You can switch to using Caffeine cache, by adding it and org.springframework.cache.caffeine.CaffeineCacheManager to the classpath.
2025-07-01T02:15:36.088+03:00  INFO 9816 --- [subscription-service] [           main] .e.s.SubscriptionServiceApplicationTests : Started SubscriptionServiceApplicationTests in 7.706 seconds (process running for 8.902)
2025-07-01T02:15:36.569+03:00  INFO 9816 --- [subscription-service] [           main] c.e.s.config.DataInitializer             : Initializing sample subscription data...
2025-07-01T02:15:36.611+03:00  INFO 9816 --- [subscription-service] [           main] c.e.s.config.DataInitializer             : Sample subscription data initialized successfully!
]]></system-out>
    <system-err><![CDATA[Mockito is currently self-attaching to enable the inline-mock-maker. This will no longer work in future releases of the JDK. Please add Mockito as an agent to your build what is described in Mockito's documentation: https://javadoc.io/doc/org.mockito/mockito-core/latest/org/mockito/Mockito.html#0.3
WARNING: A Java agent has been loaded dynamically (C:\Users\Win11\.m2\repository\net\bytebuddy\byte-buddy-agent\1.15.11\byte-buddy-agent-1.15.11.jar)
WARNING: If a serviceability tool is in use, please run with -XX:+EnableDynamicAgentLoading to hide this warning
WARNING: If a serviceability tool is not in use, please run with -Djdk.instrument.traceUsage for more information
WARNING: Dynamic loading of agents will be disallowed by default in a future release
]]></system-err>
  </testcase>
</testsuite>